[2021-08-10 19:32:36] local.ERROR: Non-static method Illuminate\Http\Request::path() should not be called statically {"exception":"[object] (ErrorException(code: 0): Non-static method Illuminate\\Http\\Request::path() should not be called statically at /Users/vlad/PHPshtorm/gi/app/Http/Middleware/LocaleMiddleware.php:25)
[stacktrace]
#0 /Users/vlad/PHPshtorm/gi/app/Http/Middleware/LocaleMiddleware.php(25): Illuminate\\Foundation\\Bootstrap\\HandleExceptions->handleError(8192, 'Non-static meth...', '/Users/vlad/PHP...', 25, Array)
#1 /Users/vlad/PHPshtorm/gi/routes/web.php(19): App\\Http\\Middleware\\LocaleMiddleware::getLocale()
#2 /Users/vlad/PHPshtorm/gi/vendor/laravel/framework/src/Illuminate/Routing/RouteFileRegistrar.php(35): require('/Users/vlad/PHP...')
#3 /Users/vlad/PHPshtorm/gi/vendor/laravel/framework/src/Illuminate/Routing/Router.php(415): Illuminate\\Routing\\RouteFileRegistrar->register('/Users/vlad/PHP...')
#4 /Users/vlad/PHPshtorm/gi/vendor/laravel/framework/src/Illuminate/Routing/Router.php(373): Illuminate\\Routing\\Router->loadRoutes('/Users/vlad/PHP...')
#5 /Users/vlad/PHPshtorm/gi/vendor/laravel/framework/src/Illuminate/Routing/RouteRegistrar.php(121): Illuminate\\Routing\\Router->group(Array, '/Users/vlad/PHP...')
#6 /Users/vlad/PHPshtorm/gi/app/Providers/RouteServiceProvider.php(56): Illuminate\\Routing\\RouteRegistrar->group('/Users/vlad/PHP...')
#7 /Users/vlad/PHPshtorm/gi/app/Providers/RouteServiceProvider.php(40): App\\Providers\\RouteServiceProvider->mapWebRoutes()
#8 [internal function]: App\\Providers\\RouteServiceProvider->map()
#9 /Users/vlad/PHPshtorm/gi/vendor/laravel/framework/src/Illuminate/Container/BoundMethod.php(32): call_user_func_array(Array, Array)
#10 /Users/vlad/PHPshtorm/gi/vendor/laravel/framework/src/Illuminate/Container/BoundMethod.php(90): Illuminate\\Container\\BoundMethod::Illuminate\\Container\\{closure}()
#11 /Users/vlad/PHPshtorm/gi/vendor/laravel/framework/src/Illuminate/Container/BoundMethod.php(34): Illuminate\\Container\\BoundMethod::callBoundMethod(Object(Illuminate\\Foundation\\Application), Array, Object(Closure))
#12 /Users/vlad/PHPshtorm/gi/vendor/laravel/framework/src/Illuminate/Container/Container.php(576): Illuminate\\Container\\BoundMethod::call(Object(Illuminate\\Foundation\\Application), Array, Array, NULL)
#13 /Users/vlad/PHPshtorm/gi/vendor/laravel/framework/src/Illuminate/Foundation/Support/Providers/RouteServiceProvider.php(87): Illuminate\\Container\\Container->call(Array)
#14 /Users/vlad/PHPshtorm/gi/vendor/laravel/framework/src/Illuminate/Foundation/Support/Providers/RouteServiceProvider.php(36): Illuminate\\Foundation\\Support\\Providers\\RouteServiceProvider->loadRoutes()
#15 /Users/vlad/PHPshtorm/gi/app/Providers/RouteServiceProvider.php(28): Illuminate\\Foundation\\Support\\Providers\\RouteServiceProvider->boot()
#16 [internal function]: App\\Providers\\RouteServiceProvider->boot()
#17 /Users/vlad/PHPshtorm/gi/vendor/laravel/framework/src/Illuminate/Container/BoundMethod.php(32): call_user_func_array(Array, Array)
#18 /Users/vlad/PHPshtorm/gi/vendor/laravel/framework/src/Illuminate/Container/BoundMethod.php(90): Illuminate\\Container\\BoundMethod::Illuminate\\Container\\{closure}()
#19 /Users/vlad/PHPshtorm/gi/vendor/laravel/framework/src/Illuminate/Container/BoundMethod.php(34): Illuminate\\Container\\BoundMethod::callBoundMethod(Object(Illuminate\\Foundation\\Application), Array, Object(Closure))
#20 /Users/vlad/PHPshtorm/gi/vendor/laravel/framework/src/Illuminate/Container/Container.php(576): Illuminate\\Container\\BoundMethod::call(Object(Illuminate\\Foundation\\Application), Array, Array, NULL)
#21 /Users/vlad/PHPshtorm/gi/vendor/laravel/framework/src/Illuminate/Foundation/Application.php(827): Illuminate\\Container\\Container->call(Array)
#22 /Users/vlad/PHPshtorm/gi/vendor/laravel/framework/src/Illuminate/Foundation/Application.php(810): Illuminate\\Foundation\\Application->bootProvider(Object(App\\Providers\\RouteServiceProvider))
#23 [internal function]: Illuminate\\Foundation\\Application->Illuminate\\Foundation\\{closure}(Object(App\\Providers\\RouteServiceProvider), 26)
#24 /Users/vlad/PHPshtorm/gi/vendor/laravel/framework/src/Illuminate/Foundation/Application.php(811): array_walk(Array, Object(Closure))
#25 /Users/vlad/PHPshtorm/gi/vendor/laravel/framework/src/Illuminate/Foundation/Bootstrap/BootProviders.php(17): Illuminate\\Foundation\\Application->boot()
#26 /Users/vlad/PHPshtorm/gi/vendor/laravel/framework/src/Illuminate/Foundation/Application.php(210): Illuminate\\Foundation\\Bootstrap\\BootProviders->bootstrap(Object(Illuminate\\Foundation\\Application))
#27 /Users/vlad/PHPshtorm/gi/vendor/laravel/framework/src/Illuminate/Foundation/Http/Kernel.php(162): Illuminate\\Foundation\\Application->bootstrapWith(Array)
#28 /Users/vlad/PHPshtorm/gi/vendor/laravel/framework/src/Illuminate/Foundation/Http/Kernel.php(146): Illuminate\\Foundation\\Http\\Kernel->bootstrap()
#29 /Users/vlad/PHPshtorm/gi/vendor/laravel/framework/src/Illuminate/Foundation/Http/Kernel.php(116): Illuminate\\Foundation\\Http\\Kernel->sendRequestThroughRouter(Object(Illuminate\\Http\\Request))
#30 /Users/vlad/PHPshtorm/gi/public/index.php(55): Illuminate\\Foundation\\Http\\Kernel->handle(Object(Illuminate\\Http\\Request))
#31 /Users/vlad/PHPshtorm/gi/server.php(21): require_once('/Users/vlad/PHP...')
#32 {main}
"} 
[2021-08-10 19:34:31] local.ERROR: Non-static method Illuminate\Http\Request::path() should not be called statically {"exception":"[object] (ErrorException(code: 0): Non-static method Illuminate\\Http\\Request::path() should not be called statically at /Users/vlad/PHPshtorm/gi/app/Http/Middleware/LocaleMiddleware.php:25)
[stacktrace]
#0 /Users/vlad/PHPshtorm/gi/app/Http/Middleware/LocaleMiddleware.php(25): Illuminate\\Foundation\\Bootstrap\\HandleExceptions->handleError(8192, 'Non-static meth...', '/Users/vlad/PHP...', 25, Array)
#1 /Users/vlad/PHPshtorm/gi/routes/web.php(19): App\\Http\\Middleware\\LocaleMiddleware::getLocale()
#2 /Users/vlad/PHPshtorm/gi/vendor/laravel/framework/src/Illuminate/Routing/RouteFileRegistrar.php(35): require('/Users/vlad/PHP...')
#3 /Users/vlad/PHPshtorm/gi/vendor/laravel/framework/src/Illuminate/Routing/Router.php(415): Illuminate\\Routing\\RouteFileRegistrar->register('/Users/vlad/PHP...')
#4 /Users/vlad/PHPshtorm/gi/vendor/laravel/framework/src/Illuminate/Routing/Router.php(373): Illuminate\\Routing\\Router->loadRoutes('/Users/vlad/PHP...')
#5 /Users/vlad/PHPshtorm/gi/vendor/laravel/framework/src/Illuminate/Routing/RouteRegistrar.php(121): Illuminate\\Routing\\Router->group(Array, '/Users/vlad/PHP...')
#6 /Users/vlad/PHPshtorm/gi/app/Providers/RouteServiceProvider.php(56): Illuminate\\Routing\\RouteRegistrar->group('/Users/vlad/PHP...')
#7 /Users/vlad/PHPshtorm/gi/app/Providers/RouteServiceProvider.php(40): App\\Providers\\RouteServiceProvider->mapWebRoutes()
#8 [internal function]: App\\Providers\\RouteServiceProvider->map()
#9 /Users/vlad/PHPshtorm/gi/vendor/laravel/framework/src/Illuminate/Container/BoundMethod.php(32): call_user_func_array(Array, Array)
#10 /Users/vlad/PHPshtorm/gi/vendor/laravel/framework/src/Illuminate/Container/BoundMethod.php(90): Illuminate\\Container\\BoundMethod::Illuminate\\Container\\{closure}()
#11 /Users/vlad/PHPshtorm/gi/vendor/laravel/framework/src/Illuminate/Container/BoundMethod.php(34): Illuminate\\Container\\BoundMethod::callBoundMethod(Object(Illuminate\\Foundation\\Application), Array, Object(Closure))
#12 /Users/vlad/PHPshtorm/gi/vendor/laravel/framework/src/Illuminate/Container/Container.php(576): Illuminate\\Container\\BoundMethod::call(Object(Illuminate\\Foundation\\Application), Array, Array, NULL)
#13 /Users/vlad/PHPshtorm/gi/vendor/laravel/framework/src/Illuminate/Foundation/Support/Providers/RouteServiceProvider.php(87): Illuminate\\Container\\Container->call(Array)
#14 /Users/vlad/PHPshtorm/gi/vendor/laravel/framework/src/Illuminate/Foundation/Support/Providers/RouteServiceProvider.php(36): Illuminate\\Foundation\\Support\\Providers\\RouteServiceProvider->loadRoutes()
#15 /Users/vlad/PHPshtorm/gi/app/Providers/RouteServiceProvider.php(28): Illuminate\\Foundation\\Support\\Providers\\RouteServiceProvider->boot()
#16 [internal function]: App\\Providers\\RouteServiceProvider->boot()
#17 /Users/vlad/PHPshtorm/gi/vendor/laravel/framework/src/Illuminate/Container/BoundMethod.php(32): call_user_func_array(Array, Array)
#18 /Users/vlad/PHPshtorm/gi/vendor/laravel/framework/src/Illuminate/Container/BoundMethod.php(90): Illuminate\\Container\\BoundMethod::Illuminate\\Container\\{closure}()
#19 /Users/vlad/PHPshtorm/gi/vendor/laravel/framework/src/Illuminate/Container/BoundMethod.php(34): Illuminate\\Container\\BoundMethod::callBoundMethod(Object(Illuminate\\Foundation\\Application), Array, Object(Closure))
#20 /Users/vlad/PHPshtorm/gi/vendor/laravel/framework/src/Illuminate/Container/Container.php(576): Illuminate\\Container\\BoundMethod::call(Object(Illuminate\\Foundation\\Application), Array, Array, NULL)
#21 /Users/vlad/PHPshtorm/gi/vendor/laravel/framework/src/Illuminate/Foundation/Application.php(827): Illuminate\\Container\\Container->call(Array)
#22 /Users/vlad/PHPshtorm/gi/vendor/laravel/framework/src/Illuminate/Foundation/Application.php(810): Illuminate\\Foundation\\Application->bootProvider(Object(App\\Providers\\RouteServiceProvider))
#23 [internal function]: Illuminate\\Foundation\\Application->Illuminate\\Foundation\\{closure}(Object(App\\Providers\\RouteServiceProvider), 26)
#24 /Users/vlad/PHPshtorm/gi/vendor/laravel/framework/src/Illuminate/Foundation/Application.php(811): array_walk(Array, Object(Closure))
#25 /Users/vlad/PHPshtorm/gi/vendor/laravel/framework/src/Illuminate/Foundation/Bootstrap/BootProviders.php(17): Illuminate\\Foundation\\Application->boot()
#26 /Users/vlad/PHPshtorm/gi/vendor/laravel/framework/src/Illuminate/Foundation/Application.php(210): Illuminate\\Foundation\\Bootstrap\\BootProviders->bootstrap(Object(Illuminate\\Foundation\\Application))
#27 /Users/vlad/PHPshtorm/gi/vendor/laravel/framework/src/Illuminate/Foundation/Http/Kernel.php(162): Illuminate\\Foundation\\Application->bootstrapWith(Array)
#28 /Users/vlad/PHPshtorm/gi/vendor/laravel/framework/src/Illuminate/Foundation/Http/Kernel.php(146): Illuminate\\Foundation\\Http\\Kernel->bootstrap()
#29 /Users/vlad/PHPshtorm/gi/vendor/laravel/framework/src/Illuminate/Foundation/Http/Kernel.php(116): Illuminate\\Foundation\\Http\\Kernel->sendRequestThroughRouter(Object(Illuminate\\Http\\Request))
#30 /Users/vlad/PHPshtorm/gi/public/index.php(55): Illuminate\\Foundation\\Http\\Kernel->handle(Object(Illuminate\\Http\\Request))
#31 /Users/vlad/PHPshtorm/gi/server.php(21): require_once('/Users/vlad/PHP...')
#32 {main}
"} 
[2021-08-10 19:45:58] local.ERROR: Namespace declaration statement has to be the very first statement or after any declare call in the script {"exception":"[object] (Symfony\\Component\\Debug\\Exception\\FatalErrorException(code: 64): Namespace declaration statement has to be the very first statement or after any declare call in the script at /Users/vlad/PHPshtorm/gi/app/Http/Middleware/LocaleMiddleware.php:4)
[stacktrace]
#0 /Users/vlad/PHPshtorm/gi/vendor/laravel/framework/src/Illuminate/Foundation/Bootstrap/HandleExceptions.php(148): Symfony\\Component\\Debug\\Exception\\FatalErrorException->__construct()
#1 /Users/vlad/PHPshtorm/gi/vendor/laravel/framework/src/Illuminate/Foundation/Bootstrap/HandleExceptions.php(134): Illuminate\\Foundation\\Bootstrap\\HandleExceptions->fatalExceptionFromError()
#2 /Users/vlad/PHPshtorm/gi/vendor/laravel/framework/src/Illuminate/Foundation/Bootstrap/HandleExceptions.php(0): Illuminate\\Foundation\\Bootstrap\\HandleExceptions->handleShutdown()
#3 /Users/vlad/PHPshtorm/gi/vendor/composer/ClassLoader.php(322): Composer\\Autoload\\includeFile()
#4 /Users/vlad/PHPshtorm/gi/routes/web.php(19): Composer\\Autoload\\ClassLoader->loadClass()
#5 /Users/vlad/PHPshtorm/gi/routes/web.php(19): spl_autoload_call()
#6 /Users/vlad/PHPshtorm/gi/vendor/laravel/framework/src/Illuminate/Routing/RouteFileRegistrar.php(35): Illuminate\\Routing\\RouteFileRegistrar->()
#7 /Users/vlad/PHPshtorm/gi/vendor/laravel/framework/src/Illuminate/Routing/Router.php(415): Illuminate\\Routing\\RouteFileRegistrar->register()
#8 /Users/vlad/PHPshtorm/gi/vendor/laravel/framework/src/Illuminate/Routing/Router.php(373): Illuminate\\Routing\\Router->loadRoutes()
#9 /Users/vlad/PHPshtorm/gi/vendor/laravel/framework/src/Illuminate/Routing/RouteRegistrar.php(121): Illuminate\\Routing\\Router->group()
#10 /Users/vlad/PHPshtorm/gi/app/Providers/RouteServiceProvider.php(56): Illuminate\\Routing\\RouteRegistrar->group()
#11 /Users/vlad/PHPshtorm/gi/app/Providers/RouteServiceProvider.php(40): App\\Providers\\RouteServiceProvider->mapWebRoutes()
#12 /Users/vlad/PHPshtorm/gi/vendor/laravel/framework/src/Illuminate/Container/BoundMethod.php(32): App\\Providers\\RouteServiceProvider->map()
#13 /Users/vlad/PHPshtorm/gi/vendor/laravel/framework/src/Illuminate/Container/BoundMethod.php(32): call_user_func_array:{/Users/vlad/PHPshtorm/gi/vendor/laravel/framework/src/Illuminate/Container/BoundMethod.php:32}()
#14 /Users/vlad/PHPshtorm/gi/vendor/laravel/framework/src/Illuminate/Container/BoundMethod.php(90): Illuminate\\Container\\BoundMethod::Illuminate\\Container\\{closure}()
#15 /Users/vlad/PHPshtorm/gi/vendor/laravel/framework/src/Illuminate/Container/BoundMethod.php(34): Illuminate\\Container\\BoundMethod::callBoundMethod()
#16 /Users/vlad/PHPshtorm/gi/vendor/laravel/framework/src/Illuminate/Container/Container.php(576): Illuminate\\Container\\BoundMethod::call()
#17 /Users/vlad/PHPshtorm/gi/vendor/laravel/framework/src/Illuminate/Foundation/Support/Providers/RouteServiceProvider.php(87): Illuminate\\Container\\Container->call()
#18 /Users/vlad/PHPshtorm/gi/vendor/laravel/framework/src/Illuminate/Foundation/Support/Providers/RouteServiceProvider.php(36): Illuminate\\Foundation\\Support\\Providers\\RouteServiceProvider->loadRoutes()
#19 /Users/vlad/PHPshtorm/gi/app/Providers/RouteServiceProvider.php(28): Illuminate\\Foundation\\Support\\Providers\\RouteServiceProvider->boot()
#20 /Users/vlad/PHPshtorm/gi/vendor/laravel/framework/src/Illuminate/Container/BoundMethod.php(32): App\\Providers\\RouteServiceProvider->boot()
#21 /Users/vlad/PHPshtorm/gi/vendor/laravel/framework/src/Illuminate/Container/BoundMethod.php(32): call_user_func_array:{/Users/vlad/PHPshtorm/gi/vendor/laravel/framework/src/Illuminate/Container/BoundMethod.php:32}()
#22 /Users/vlad/PHPshtorm/gi/vendor/laravel/framework/src/Illuminate/Container/BoundMethod.php(90): Illuminate\\Container\\BoundMethod::Illuminate\\Container\\{closure}()
#23 /Users/vlad/PHPshtorm/gi/vendor/laravel/framework/src/Illuminate/Container/BoundMethod.php(34): Illuminate\\Container\\BoundMethod::callBoundMethod()
#24 /Users/vlad/PHPshtorm/gi/vendor/laravel/framework/src/Illuminate/Container/Container.php(576): Illuminate\\Container\\BoundMethod::call()
#25 /Users/vlad/PHPshtorm/gi/vendor/laravel/framework/src/Illuminate/Foundation/Application.php(827): Illuminate\\Container\\Container->call()
#26 /Users/vlad/PHPshtorm/gi/vendor/laravel/framework/src/Illuminate/Foundation/Application.php(810): Illuminate\\Foundation\\Application->bootProvider()
#27 /Users/vlad/PHPshtorm/gi/vendor/laravel/framework/src/Illuminate/Foundation/Application.php(811): Illuminate\\Foundation\\Application->Illuminate\\Foundation\\{closure}()
#28 /Users/vlad/PHPshtorm/gi/vendor/laravel/framework/src/Illuminate/Foundation/Application.php(811): array_walk()
#29 /Users/vlad/PHPshtorm/gi/vendor/laravel/framework/src/Illuminate/Foundation/Bootstrap/BootProviders.php(17): Illuminate\\Foundation\\Application->boot()
#30 /Users/vlad/PHPshtorm/gi/vendor/laravel/framework/src/Illuminate/Foundation/Application.php(210): Illuminate\\Foundation\\Bootstrap\\BootProviders->bootstrap()
#31 /Users/vlad/PHPshtorm/gi/vendor/laravel/framework/src/Illuminate/Foundation/Http/Kernel.php(162): Illuminate\\Foundation\\Application->bootstrapWith()
#32 /Users/vlad/PHPshtorm/gi/vendor/laravel/framework/src/Illuminate/Foundation/Http/Kernel.php(146): Illuminate\\Foundation\\Http\\Kernel->bootstrap()
#33 /Users/vlad/PHPshtorm/gi/vendor/laravel/framework/src/Illuminate/Foundation/Http/Kernel.php(116): Illuminate\\Foundation\\Http\\Kernel->sendRequestThroughRouter()
#34 /Users/vlad/PHPshtorm/gi/public/index.php(55): Illuminate\\Foundation\\Http\\Kernel->handle()
#35 /Users/vlad/PHPshtorm/gi/server.php(21): ()
#36 /Users/vlad/PHPshtorm/gi/server.php(0): {main}()
#37 {main}
"} 
